# JRE version: OpenJDK Runtime Environment (17.0+35) (build 17+35-2724)
# Java VM: OpenJDK 64-Bit Server VM (17+35-2724, mixed mode, sharing, tiered, compressed oops, compressed class ptrs, g1 gc, windows-amd64)
GC Precious Log:
 CPUs: 4 total, 4 available
 Memory: 6052M
 Large Page Support: Disabled
 NUMA Support: Disabled
 Compressed Oops: Enabled (32-bit)
 Heap Region Size: 1M
 Heap Min Capacity: 8M
 Heap Initial Capacity: 96M
 Heap Max Capacity: 1536M
 Pre-touch: Disabled
 Parallel Workers: 4
 Concurrent Workers: 1
 Concurrent Refinement Workers: 4
 Periodic GC: Disabled
Heap:
 garbage-first heap   total 86016K, used 49680K [0x00000000a0000000, 0x0000000100000000)
  region size 1024K, 32 young (32768K), 7 survivors (7168K)
 Metaspace       used 31027K, committed 31424K, reserved 348160K
  class space    used 4383K, committed 4608K, reserved 315392K
GC Heap History (14 events):
Event: 2.312 GC heap before
{Heap before GC invocations=0 (full 0):
 garbage-first heap   total 98304K, used 13312K [0x00000000a0000000, 0x0000000100000000)
  region size 1024K, 13 young (13312K), 0 survivors (0K)
 Metaspace       used 1001K, committed 1152K, reserved 323584K
  class space    used 75K, committed 128K, reserved 315392K
}
Event: 2.319 GC heap after
{Heap after GC invocations=1 (full 0):
 garbage-first heap   total 98304K, used 3304K [0x00000000a0000000, 0x0000000100000000)
  region size 1024K, 2 young (2048K), 2 survivors (2048K)
 Metaspace       used 1001K, committed 1152K, reserved 323584K
  class space    used 75K, committed 128K, reserved 315392K
}
Event: 3.340 GC heap before
{Heap before GC invocations=1 (full 0):
 garbage-first heap   total 98304K, used 22760K [0x00000000a0000000, 0x0000000100000000)
  region size 1024K, 17 young (17408K), 2 survivors (2048K)
 Metaspace       used 3211K, committed 3328K, reserved 323584K
  class space    used 404K, committed 448K, reserved 315392K
}
Event: 3.350 GC heap after
{Heap after GC invocations=2 (full 0):
 garbage-first heap   total 98304K, used 10751K [0x00000000a0000000, 0x0000000100000000)
  region size 1024K, 3 young (3072K), 3 survivors (3072K)
 Metaspace       used 3211K, committed 3328K, reserved 323584K
  class space    used 404K, committed 448K, reserved 315392K
}
Event: 4.368 GC heap before
{Heap before GC invocations=2 (full 0):
 garbage-first heap   total 98304K, used 33279K [0x00000000a0000000, 0x0000000100000000)
  region size 1024K, 26 young (26624K), 3 survivors (3072K)
 Metaspace       used 3994K, committed 4160K, reserved 323584K
  class space    used 491K, committed 576K, reserved 315392K
}
Event: 4.375 GC heap after
{Heap after GC invocations=3 (full 0):
 garbage-first heap   total 98304K, used 11260K [0x00000000a0000000, 0x0000000100000000)
  region size 1024K, 1 young (1024K), 1 survivors (1024K)
 Metaspace       used 3994K, committed 4160K, reserved 323584K
  class space    used 491K, committed 576K, reserved 315392K
}
Event: 9.324 GC heap before
{Heap before GC invocations=3 (full 0):
 garbage-first heap   total 98304K, used 68604K [0x00000000a0000000, 0x0000000100000000)
  region size 1024K, 57 young (58368K), 1 survivors (1024K)
 Metaspace       used 11892K, committed 12096K, reserved 331776K
  class space    used 1628K, committed 1728K, reserved 315392K
}
Event: 9.337 GC heap after
{Heap after GC invocations=4 (full 0):
 garbage-first heap   total 98304K, used 19182K [0x00000000a0000000, 0x0000000100000000)
  region size 1024K, 8 young (8192K), 8 survivors (8192K)
 Metaspace       used 11892K, committed 12096K, reserved 331776K
  class space    used 1628K, committed 1728K, reserved 315392K
}
Event: 11.315 GC heap before
{Heap before GC invocations=4 (full 0):
 garbage-first heap   total 98304K, used 63214K [0x00000000a0000000, 0x0000000100000000)
  region size 1024K, 51 young (52224K), 8 survivors (8192K)
 Metaspace       used 18047K, committed 18432K, reserved 331776K
  class space    used 2626K, committed 2816K, reserved 315392K
}
Event: 11.330 GC heap after
{Heap after GC invocations=5 (full 0):
 garbage-first heap   total 98304K, used 21763K [0x00000000a0000000, 0x0000000100000000)
  region size 1024K, 3 young (3072K), 3 survivors (3072K)
 Metaspace       used 18047K, committed 18432K, reserved 331776K
  class space    used 2626K, committed 2816K, reserved 315392K
}
Event: 13.221 GC heap before
{Heap before GC invocations=5 (full 0):
 garbage-first heap   total 98304K, used 45315K [0x00000000a0000000, 0x0000000100000000)
  region size 1024K, 27 young (27648K), 3 survivors (3072K)
 Metaspace       used 21201K, committed 21504K, reserved 339968K
  class space    used 3118K, committed 3264K, reserved 315392K
}
Event: 13.242 GC heap after
{Heap after GC invocations=6 (full 0):
 garbage-first heap   total 98304K, used 22850K [0x00000000a0000000, 0x0000000100000000)
  region size 1024K, 4 young (4096K), 4 survivors (4096K)
 Metaspace       used 21201K, committed 21504K, reserved 339968K
  class space    used 3118K, committed 3264K, reserved 315392K
}
Event: 15.947 GC heap before
{Heap before GC invocations=7 (full 0):
 garbage-first heap   total 86016K, used 68930K [0x00000000a0000000, 0x0000000100000000)
  region size 1024K, 50 young (51200K), 4 survivors (4096K)
 Metaspace       used 29451K, committed 29824K, reserved 348160K
  class space    used 4172K, committed 4352K, reserved 315392K
}
Event: 15.968 GC heap after
{Heap after GC invocations=8 (full 0):
 garbage-first heap   total 86016K, used 26128K [0x00000000a0000000, 0x0000000100000000)
  region size 1024K, 7 young (7168K), 7 survivors (7168K)
 Metaspace       used 29451K, committed 29824K, reserved 348160K
  class space    used 4172K, committed 4352K, reserved 315392K
}

