# JRE version: OpenJDK Runtime Environment (17.0+35) (build 17+35-2724)
# Java VM: OpenJDK 64-Bit Server VM (17+35-2724, mixed mode, sharing, tiered, compressed oops, compressed class ptrs, g1 gc, windows-amd64)
GC Precious Log:
 CPUs: 4 total, 4 available
 Memory: 6052M
 Large Page Support: Disabled
 NUMA Support: Disabled
 Compressed Oops: Enabled (32-bit)
 Heap Region Size: 1M
 Heap Min Capacity: 8M
 Heap Initial Capacity: 96M
 Heap Max Capacity: 1536M
 Pre-touch: Disabled
 Parallel Workers: 4
 Concurrent Workers: 1
 Concurrent Refinement Workers: 4
 Periodic GC: Disabled
Heap:
 garbage-first heap   total 132096K, used 70833K [0x00000000a0000000, 0x0000000100000000)
  region size 1024K, 3 young (3072K), 3 survivors (3072K)
 Metaspace       used 67639K, committed 68288K, reserved 380928K
  class space    used 9455K, committed 9792K, reserved 315392K
GC Heap History (20 events):
Event: 25.397 GC heap after
{Heap after GC invocations=16 (full 0):
 garbage-first heap   total 103424K, used 53124K [0x00000000a0000000, 0x0000000100000000)
  region size 1024K, 6 young (6144K), 6 survivors (6144K)
 Metaspace       used 47708K, committed 48192K, reserved 364544K
  class space    used 6628K, committed 6848K, reserved 315392K
}
Event: 27.410 GC heap before
{Heap before GC invocations=16 (full 0):
 garbage-first heap   total 103424K, used 80772K [0x00000000a0000000, 0x0000000100000000)
  region size 1024K, 34 young (34816K), 6 survivors (6144K)
 Metaspace       used 50249K, committed 50816K, reserved 364544K
  class space    used 6901K, committed 7168K, reserved 315392K
}
Event: 27.425 GC heap after
{Heap after GC invocations=17 (full 0):
 garbage-first heap   total 103424K, used 54829K [0x00000000a0000000, 0x0000000100000000)
  region size 1024K, 1 young (1024K), 1 survivors (1024K)
 Metaspace       used 50249K, committed 50816K, reserved 364544K
  class space    used 6901K, committed 7168K, reserved 315392K
}
Event: 28.753 GC heap before
{Heap before GC invocations=18 (full 0):
 garbage-first heap   total 107520K, used 83501K [0x00000000a0000000, 0x0000000100000000)
  region size 1024K, 29 young (29696K), 1 survivors (1024K)
 Metaspace       used 53033K, committed 53568K, reserved 364544K
  class space    used 7304K, committed 7552K, reserved 315392K
}
Event: 28.760 GC heap after
{Heap after GC invocations=19 (full 0):
 garbage-first heap   total 107520K, used 55632K [0x00000000a0000000, 0x0000000100000000)
  region size 1024K, 2 young (2048K), 2 survivors (2048K)
 Metaspace       used 53033K, committed 53568K, reserved 364544K
  class space    used 7304K, committed 7552K, reserved 315392K
}
Event: 29.413 GC heap before
{Heap before GC invocations=19 (full 0):
 garbage-first heap   total 107520K, used 70992K [0x00000000a0000000, 0x0000000100000000)
  region size 1024K, 18 young (18432K), 2 survivors (2048K)
 Metaspace       used 55104K, committed 55680K, reserved 364544K
  class space    used 7565K, committed 7872K, reserved 315392K
}
Event: 29.421 GC heap after
{Heap after GC invocations=20 (full 0):
 garbage-first heap   total 107520K, used 57396K [0x00000000a0000000, 0x0000000100000000)
  region size 1024K, 4 young (4096K), 4 survivors (4096K)
 Metaspace       used 55104K, committed 55680K, reserved 364544K
  class space    used 7565K, committed 7872K, reserved 315392K
}
Event: 29.742 GC heap before
{Heap before GC invocations=21 (full 0):
 garbage-first heap   total 132096K, used 74804K [0x00000000a0000000, 0x0000000100000000)
  region size 1024K, 19 young (19456K), 4 survivors (4096K)
 Metaspace       used 55114K, committed 55744K, reserved 364544K
  class space    used 7565K, committed 7872K, reserved 315392K
}
Event: 29.753 GC heap after
{Heap after GC invocations=22 (full 0):
 garbage-first heap   total 132096K, used 59450K [0x00000000a0000000, 0x0000000100000000)
  region size 1024K, 4 young (4096K), 4 survivors (4096K)
 Metaspace       used 55114K, committed 55744K, reserved 364544K
  class space    used 7565K, committed 7872K, reserved 315392K
}
Event: 31.261 GC heap before
{Heap before GC invocations=22 (full 0):
 garbage-first heap   total 132096K, used 106554K [0x00000000a0000000, 0x0000000100000000)
  region size 1024K, 49 young (50176K), 4 survivors (4096K)
 Metaspace       used 58337K, committed 58880K, reserved 372736K
  class space    used 7994K, committed 8256K, reserved 315392K
}
Event: 31.271 GC heap after
{Heap after GC invocations=23 (full 0):
 garbage-first heap   total 132096K, used 62799K [0x00000000a0000000, 0x0000000100000000)
  region size 1024K, 5 young (5120K), 5 survivors (5120K)
 Metaspace       used 58337K, committed 58880K, reserved 372736K
  class space    used 7994K, committed 8256K, reserved 315392K
}
Event: 33.667 GC heap before
{Heap before GC invocations=23 (full 0):
 garbage-first heap   total 132096K, used 106831K [0x00000000a0000000, 0x0000000100000000)
  region size 1024K, 48 young (49152K), 5 survivors (5120K)
 Metaspace       used 59374K, committed 59968K, reserved 372736K
  class space    used 8140K, committed 8448K, reserved 315392K
}
Event: 33.712 GC heap after
{Heap after GC invocations=24 (full 0):
 garbage-first heap   total 132096K, used 65755K [0x00000000a0000000, 0x0000000100000000)
  region size 1024K, 6 young (6144K), 6 survivors (6144K)
 Metaspace       used 59374K, committed 59968K, reserved 372736K
  class space    used 8140K, committed 8448K, reserved 315392K
}
Event: 34.983 GC heap before
{Heap before GC invocations=24 (full 0):
 garbage-first heap   total 132096K, used 106715K [0x00000000a0000000, 0x0000000100000000)
  region size 1024K, 46 young (47104K), 6 survivors (6144K)
 Metaspace       used 61812K, committed 62336K, reserved 372736K
  class space    used 8483K, committed 8768K, reserved 315392K
}
Event: 34.996 GC heap after
{Heap after GC invocations=25 (full 0):
 garbage-first heap   total 132096K, used 68103K [0x00000000a0000000, 0x0000000100000000)
  region size 1024K, 6 young (6144K), 6 survivors (6144K)
 Metaspace       used 61812K, committed 62336K, reserved 372736K
  class space    used 8483K, committed 8768K, reserved 315392K
}
Event: 36.319 GC heap before
{Heap before GC invocations=26 (full 0):
 garbage-first heap   total 132096K, used 108039K [0x00000000a0000000, 0x0000000100000000)
  region size 1024K, 44 young (45056K), 6 survivors (6144K)
 Metaspace       used 64524K, committed 65088K, reserved 372736K
  class space    used 8973K, committed 9280K, reserved 315392K
}
Event: 36.331 GC heap after
{Heap after GC invocations=27 (full 0):
 garbage-first heap   total 132096K, used 68875K [0x00000000a0000000, 0x0000000100000000)
  region size 1024K, 3 young (3072K), 3 survivors (3072K)
 Metaspace       used 64524K, committed 65088K, reserved 372736K
  class space    used 8973K, committed 9280K, reserved 315392K
}
Event: 36.407 GC heap before
{Heap before GC invocations=27 (full 0):
 garbage-first heap   total 132096K, used 71947K [0x00000000a0000000, 0x0000000100000000)
  region size 1024K, 6 young (6144K), 3 survivors (3072K)
 Metaspace       used 64745K, committed 65344K, reserved 372736K
  class space    used 9025K, committed 9344K, reserved 315392K
}
Event: 36.415 GC heap after
{Heap after GC invocations=28 (full 0):
 garbage-first heap   total 132096K, used 69408K [0x00000000a0000000, 0x0000000100000000)
  region size 1024K, 1 young (1024K), 1 survivors (1024K)
 Metaspace       used 64745K, committed 65344K, reserved 372736K
  class space    used 9025K, committed 9344K, reserved 315392K
}
Event: 40.432 GC heap before
{Heap before GC invocations=28 (full 0):
 garbage-first heap   total 132096K, used 109344K [0x00000000a0000000, 0x0000000100000000)
  region size 1024K, 40 young (40960K), 1 survivors (1024K)
 Metaspace       used 67639K, committed 68288K, reserved 380928K
  class space    used 9455K, committed 9792K, reserved 315392K
}

