# JRE version: OpenJDK Runtime Environment (17.0+35) (build 17+35-2724)
# Java VM: OpenJDK 64-Bit Server VM (17+35-2724, mixed mode, sharing, tiered, compressed oops, compressed class ptrs, g1 gc, windows-amd64)
GC Precious Log:
 CPUs: 4 total, 4 available
 Memory: 6052M
 Large Page Support: Disabled
 NUMA Support: Disabled
 Compressed Oops: Enabled (32-bit)
 Heap Region Size: 1M
 Heap Min Capacity: 64M
 Heap Initial Capacity: 64M
 Heap Max Capacity: 64M
 Pre-touch: Disabled
 Parallel Workers: 4
 Concurrent Workers: 1
 Concurrent Refinement Workers: 4
 Periodic GC: Disabled
Heap:
 garbage-first heap   total 65536K, used 27867K [0x00000000fc000000, 0x0000000100000000)
  region size 1024K, 23 young (23552K), 2 survivors (2048K)
 Metaspace       used 13413K, committed 13632K, reserved 1064960K
  class space    used 1617K, committed 1728K, reserved 1048576K
GC Heap History (6 events):
Event: 39.466 GC heap before
{Heap before GC invocations=0 (full 0):
 garbage-first heap   total 65536K, used 13312K [0x00000000fc000000, 0x0000000100000000)
  region size 1024K, 13 young (13312K), 0 survivors (0K)
 Metaspace       used 7452K, committed 7616K, reserved 1056768K
  class space    used 811K, committed 896K, reserved 1048576K
}
Event: 39.545 GC heap after
{Heap after GC invocations=1 (full 0):
 garbage-first heap   total 65536K, used 3016K [0x00000000fc000000, 0x0000000100000000)
  region size 1024K, 2 young (2048K), 2 survivors (2048K)
 Metaspace       used 7452K, committed 7616K, reserved 1056768K
  class space    used 811K, committed 896K, reserved 1048576K
}
Event: 74.253 GC heap before
{Heap before GC invocations=1 (full 0):
 garbage-first heap   total 65536K, used 14280K [0x00000000fc000000, 0x0000000100000000)
  region size 1024K, 13 young (13312K), 2 survivors (2048K)
 Metaspace       used 8523K, committed 8704K, reserved 1056768K
  class space    used 916K, committed 1024K, reserved 1048576K
}
Event: 74.293 GC heap after
{Heap after GC invocations=2 (full 0):
 garbage-first heap   total 65536K, used 3790K [0x00000000fc000000, 0x0000000100000000)
  region size 1024K, 1 young (1024K), 1 survivors (1024K)
 Metaspace       used 8523K, committed 8704K, reserved 1056768K
  class space    used 916K, committed 1024K, reserved 1048576K
}
Event: 281.534 GC heap before
{Heap before GC invocations=2 (full 0):
 garbage-first heap   total 65536K, used 25294K [0x00000000fc000000, 0x0000000100000000)
  region size 1024K, 23 young (23552K), 1 survivors (1024K)
 Metaspace       used 9022K, committed 9216K, reserved 1056768K
  class space    used 961K, committed 1088K, reserved 1048576K
}
Event: 281.539 GC heap after
{Heap after GC invocations=3 (full 0):
 garbage-first heap   total 65536K, used 4315K [0x00000000fc000000, 0x0000000100000000)
  region size 1024K, 2 young (2048K), 2 survivors (2048K)
 Metaspace       used 9022K, committed 9216K, reserved 1056768K
  class space    used 961K, committed 1088K, reserved 1048576K
}

