# JRE version: OpenJDK Runtime Environment (17.0+35) (build 17+35-2724)
# Java VM: OpenJDK 64-Bit Server VM (17+35-2724, mixed mode, sharing, tiered, compressed oops, compressed class ptrs, g1 gc, windows-amd64)
GC Precious Log:
 CPUs: 4 total, 4 available
 Memory: 6052M
 Large Page Support: Disabled
 NUMA Support: Disabled
 Compressed Oops: Enabled (32-bit)
 Heap Region Size: 1M
 Heap Min Capacity: 8M
 Heap Initial Capacity: 96M
 Heap Max Capacity: 2G
 Pre-touch: Disabled
 Parallel Workers: 4
 Concurrent Workers: 1
 Concurrent Refinement Workers: 4
 Periodic GC: Disabled
Heap:
 garbage-first heap   total 135168K, used 93705K [0x0000000080000000, 0x0000000100000000)
  region size 1024K, 22 young (22528K), 5 survivors (5120K)
 Metaspace       used 72305K, committed 73024K, reserved 487424K
  class space    used 10085K, committed 10432K, reserved 421888K
GC Heap History (20 events):
Event: 120.253 GC heap before
{Heap before GC invocations=32 (full 0):
 garbage-first heap   total 97280K, used 67559K [0x0000000080000000, 0x0000000100000000)
  region size 1024K, 16 young (16384K), 2 survivors (2048K)
 Metaspace       used 55154K, committed 55744K, reserved 471040K
  class space    used 7558K, committed 7872K, reserved 421888K
}
Event: 120.270 GC heap after
{Heap after GC invocations=33 (full 0):
 garbage-first heap   total 97280K, used 56924K [0x0000000080000000, 0x0000000100000000)
  region size 1024K, 3 young (3072K), 3 survivors (3072K)
 Metaspace       used 55154K, committed 55744K, reserved 471040K
  class space    used 7558K, committed 7872K, reserved 421888K
}
Event: 120.911 GC heap before
{Heap before GC invocations=34 (full 0):
 garbage-first heap   total 128000K, used 74332K [0x0000000080000000, 0x0000000100000000)
  region size 1024K, 18 young (18432K), 3 survivors (3072K)
 Metaspace       used 55162K, committed 55808K, reserved 471040K
  class space    used 7559K, committed 7872K, reserved 421888K
}
Event: 120.936 GC heap after
{Heap after GC invocations=35 (full 0):
 garbage-first heap   total 128000K, used 59204K [0x0000000080000000, 0x0000000100000000)
  region size 1024K, 3 young (3072K), 3 survivors (3072K)
 Metaspace       used 55162K, committed 55808K, reserved 471040K
  class space    used 7559K, committed 7872K, reserved 421888K
}
Event: 123.666 GC heap before
{Heap before GC invocations=35 (full 0):
 garbage-first heap   total 128000K, used 101188K [0x0000000080000000, 0x0000000100000000)
  region size 1024K, 43 young (44032K), 3 survivors (3072K)
 Metaspace       used 57968K, committed 58624K, reserved 479232K
  class space    used 7938K, committed 8256K, reserved 421888K
}
Event: 123.675 GC heap after
{Heap after GC invocations=36 (full 0):
 garbage-first heap   total 128000K, used 62259K [0x0000000080000000, 0x0000000100000000)
  region size 1024K, 5 young (5120K), 5 survivors (5120K)
 Metaspace       used 57968K, committed 58624K, reserved 479232K
  class space    used 7938K, committed 8256K, reserved 421888K
}
Event: 127.340 GC heap before
{Heap before GC invocations=36 (full 0):
 garbage-first heap   total 128000K, used 102195K [0x0000000080000000, 0x0000000100000000)
  region size 1024K, 44 young (45056K), 5 survivors (5120K)
 Metaspace       used 59416K, committed 60032K, reserved 479232K
  class space    used 8139K, committed 8448K, reserved 421888K
}
Event: 127.395 GC heap after
{Heap after GC invocations=37 (full 0):
 garbage-first heap   total 128000K, used 64940K [0x0000000080000000, 0x0000000100000000)
  region size 1024K, 5 young (5120K), 5 survivors (5120K)
 Metaspace       used 59416K, committed 60032K, reserved 479232K
  class space    used 8139K, committed 8448K, reserved 421888K
}
Event: 129.552 GC heap before
{Heap before GC invocations=37 (full 0):
 garbage-first heap   total 128000K, used 102828K [0x0000000080000000, 0x0000000100000000)
  region size 1024K, 42 young (43008K), 5 survivors (5120K)
 Metaspace       used 60951K, committed 61568K, reserved 479232K
  class space    used 8355K, committed 8640K, reserved 421888K
}
Event: 129.564 GC heap after
{Heap after GC invocations=38 (full 0):
 garbage-first heap   total 128000K, used 67123K [0x0000000080000000, 0x0000000100000000)
  region size 1024K, 5 young (5120K), 5 survivors (5120K)
 Metaspace       used 60951K, committed 61568K, reserved 479232K
  class space    used 8355K, committed 8640K, reserved 421888K
}
Event: 130.813 GC heap before
{Heap before GC invocations=39 (full 0):
 garbage-first heap   total 128000K, used 84531K [0x0000000080000000, 0x0000000100000000)
  region size 1024K, 23 young (23552K), 5 survivors (5120K)
 Metaspace       used 62197K, committed 62848K, reserved 479232K
  class space    used 8531K, committed 8832K, reserved 421888K
}
Event: 130.824 GC heap after
{Heap after GC invocations=40 (full 0):
 garbage-first heap   total 128000K, used 67926K [0x0000000080000000, 0x0000000100000000)
  region size 1024K, 3 young (3072K), 3 survivors (3072K)
 Metaspace       used 62197K, committed 62848K, reserved 479232K
  class space    used 8531K, committed 8832K, reserved 421888K
}
Event: 135.093 GC heap before
{Heap before GC invocations=41 (full 0):
 garbage-first heap   total 128000K, used 106838K [0x0000000080000000, 0x0000000100000000)
  region size 1024K, 40 young (40960K), 3 survivors (3072K)
 Metaspace       used 64799K, committed 65408K, reserved 479232K
  class space    used 9028K, committed 9344K, reserved 421888K
}
Event: 135.101 GC heap after
{Heap after GC invocations=42 (full 0):
 garbage-first heap   total 128000K, used 68784K [0x0000000080000000, 0x0000000100000000)
  region size 1024K, 2 young (2048K), 2 survivors (2048K)
 Metaspace       used 64799K, committed 65408K, reserved 479232K
  class space    used 9028K, committed 9344K, reserved 421888K
}
Event: 137.956 GC heap before
{Heap before GC invocations=42 (full 0):
 garbage-first heap   total 128000K, used 106672K [0x0000000080000000, 0x0000000100000000)
  region size 1024K, 39 young (39936K), 2 survivors (2048K)
 Metaspace       used 67543K, committed 68160K, reserved 487424K
  class space    used 9432K, committed 9728K, reserved 421888K
}
Event: 137.979 GC heap after
{Heap after GC invocations=43 (full 0):
 garbage-first heap   total 128000K, used 70587K [0x0000000080000000, 0x0000000100000000)
  region size 1024K, 4 young (4096K), 4 survivors (4096K)
 Metaspace       used 67543K, committed 68160K, reserved 487424K
  class space    used 9432K, committed 9728K, reserved 421888K
}
Event: 345.247 GC heap before
{Heap before GC invocations=44 (full 0):
 garbage-first heap   total 128000K, used 105403K [0x0000000080000000, 0x0000000100000000)
  region size 1024K, 39 young (39936K), 4 survivors (4096K)
 Metaspace       used 70196K, committed 70912K, reserved 487424K
  class space    used 9845K, committed 10176K, reserved 421888K
}
Event: 345.261 GC heap after
{Heap after GC invocations=45 (full 0):
 garbage-first heap   total 128000K, used 72646K [0x0000000080000000, 0x0000000100000000)
  region size 1024K, 4 young (4096K), 4 survivors (4096K)
 Metaspace       used 70196K, committed 70912K, reserved 487424K
  class space    used 9845K, committed 10176K, reserved 421888K
}
Event: 349.464 GC heap before
{Heap before GC invocations=45 (full 0):
 garbage-first heap   total 128000K, used 107462K [0x0000000080000000, 0x0000000100000000)
  region size 1024K, 38 young (38912K), 4 survivors (4096K)
 Metaspace       used 71237K, committed 71872K, reserved 487424K
  class space    used 9929K, committed 10240K, reserved 421888K
}
Event: 349.484 GC heap after
{Heap after GC invocations=46 (full 0):
 garbage-first heap   total 128000K, used 77321K [0x0000000080000000, 0x0000000100000000)
  region size 1024K, 5 young (5120K), 5 survivors (5120K)
 Metaspace       used 71237K, committed 71872K, reserved 487424K
  class space    used 9929K, committed 10240K, reserved 421888K
}

