# JRE version: OpenJDK Runtime Environment (17.0+35) (build 17+35-2724)
# Java VM: OpenJDK 64-Bit Server VM (17+35-2724, mixed mode, sharing, tiered, compressed oops, compressed class ptrs, g1 gc, windows-amd64)
GC Precious Log:
 CPUs: 4 total, 4 available
 Memory: 6052M
 Large Page Support: Disabled
 NUMA Support: Disabled
 Compressed Oops: Enabled (32-bit)
 Heap Region Size: 1M
 Heap Min Capacity: 8M
 Heap Initial Capacity: 96M
 Heap Max Capacity: 2G
 Pre-touch: Disabled
 Parallel Workers: 4
 Concurrent Workers: 1
 Concurrent Refinement Workers: 4
 Periodic GC: Disabled
Heap:
 garbage-first heap   total 81920K, used 31817K [0x0000000080000000, 0x0000000100000000)
  region size 1024K, 4 young (4096K), 2 survivors (2048K)
 Metaspace       used 34079K, committed 34432K, reserved 1081344K
  class space    used 4853K, committed 5056K, reserved 1048576K
GC Heap History (20 events):
Event: 9.849 GC heap before
{Heap before GC invocations=1 (full 0):
 garbage-first heap   total 98304K, used 22929K [0x0000000080000000, 0x0000000100000000)
  region size 1024K, 18 young (18432K), 2 survivors (2048K)
 Metaspace       used 3488K, committed 3648K, reserved 1056768K
  class space    used 440K, committed 512K, reserved 1048576K
}
Event: 9.872 GC heap after
{Heap after GC invocations=2 (full 0):
 garbage-first heap   total 98304K, used 10813K [0x0000000080000000, 0x0000000100000000)
  region size 1024K, 3 young (3072K), 3 survivors (3072K)
 Metaspace       used 3488K, committed 3648K, reserved 1056768K
  class space    used 440K, committed 512K, reserved 1048576K
}
Event: 32.308 GC heap before
{Heap before GC invocations=2 (full 0):
 garbage-first heap   total 98304K, used 33341K [0x0000000080000000, 0x0000000100000000)
  region size 1024K, 26 young (26624K), 3 survivors (3072K)
 Metaspace       used 3984K, committed 4160K, reserved 1056768K
  class space    used 490K, committed 576K, reserved 1048576K
}
Event: 32.314 GC heap after
{Heap after GC invocations=3 (full 0):
 garbage-first heap   total 98304K, used 11604K [0x0000000080000000, 0x0000000100000000)
  region size 1024K, 1 young (1024K), 1 survivors (1024K)
 Metaspace       used 3984K, committed 4160K, reserved 1056768K
  class space    used 490K, committed 576K, reserved 1048576K
}
Event: 98.000 GC heap before
{Heap before GC invocations=3 (full 0):
 garbage-first heap   total 98304K, used 65876K [0x0000000080000000, 0x0000000100000000)
  region size 1024K, 54 young (55296K), 1 survivors (1024K)
 Metaspace       used 11401K, committed 11648K, reserved 1064960K
  class space    used 1541K, committed 1664K, reserved 1048576K
}
Event: 98.429 GC heap after
{Heap after GC invocations=4 (full 0):
 garbage-first heap   total 98304K, used 18908K [0x0000000080000000, 0x0000000100000000)
  region size 1024K, 7 young (7168K), 7 survivors (7168K)
 Metaspace       used 11401K, committed 11648K, reserved 1064960K
  class space    used 1541K, committed 1664K, reserved 1048576K
}
Event: 98.490 GC heap before
{Heap before GC invocations=4 (full 0):
 garbage-first heap   total 98304K, used 19932K [0x0000000080000000, 0x0000000100000000)
  region size 1024K, 8 young (8192K), 7 survivors (7168K)
 Metaspace       used 11621K, committed 11840K, reserved 1064960K
  class space    used 1560K, committed 1664K, reserved 1048576K
}
Event: 98.500 GC heap after
{Heap after GC invocations=5 (full 0):
 garbage-first heap   total 98304K, used 20142K [0x0000000080000000, 0x0000000100000000)
  region size 1024K, 1 young (1024K), 1 survivors (1024K)
 Metaspace       used 11621K, committed 11840K, reserved 1064960K
  class space    used 1560K, committed 1664K, reserved 1048576K
}
Event: 115.968 GC heap before
{Heap before GC invocations=5 (full 0):
 garbage-first heap   total 98304K, used 42670K [0x0000000080000000, 0x0000000100000000)
  region size 1024K, 24 young (24576K), 1 survivors (1024K)
 Metaspace       used 15418K, committed 15744K, reserved 1064960K
  class space    used 2170K, committed 2368K, reserved 1048576K
}
Event: 115.975 GC heap after
{Heap after GC invocations=6 (full 0):
 garbage-first heap   total 98304K, used 20680K [0x0000000080000000, 0x0000000100000000)
  region size 1024K, 2 young (2048K), 2 survivors (2048K)
 Metaspace       used 15418K, committed 15744K, reserved 1064960K
  class space    used 2170K, committed 2368K, reserved 1048576K
}
Event: 158.551 GC heap before
{Heap before GC invocations=6 (full 0):
 garbage-first heap   total 98304K, used 65736K [0x0000000080000000, 0x0000000100000000)
  region size 1024K, 47 young (48128K), 2 survivors (2048K)
 Metaspace       used 21238K, committed 21504K, reserved 1073152K
  class space    used 3121K, committed 3264K, reserved 1048576K
}
Event: 158.952 GC heap after
{Heap after GC invocations=7 (full 0):
 garbage-first heap   total 98304K, used 23237K [0x0000000080000000, 0x0000000100000000)
  region size 1024K, 4 young (4096K), 4 survivors (4096K)
 Metaspace       used 21238K, committed 21504K, reserved 1073152K
  class space    used 3121K, committed 3264K, reserved 1048576K
}
Event: 159.453 GC heap before
{Heap before GC invocations=8 (full 0):
 garbage-first heap   total 81920K, used 24261K [0x0000000080000000, 0x0000000100000000)
  region size 1024K, 5 young (5120K), 4 survivors (4096K)
 Metaspace       used 21328K, committed 21696K, reserved 1073152K
  class space    used 3137K, committed 3328K, reserved 1048576K
}
Event: 159.475 GC heap after
{Heap after GC invocations=9 (full 0):
 garbage-first heap   total 81920K, used 23685K [0x0000000080000000, 0x0000000100000000)
  region size 1024K, 1 young (1024K), 1 survivors (1024K)
 Metaspace       used 21328K, committed 21696K, reserved 1073152K
  class space    used 3137K, committed 3328K, reserved 1048576K
}
Event: 160.333 GC heap before
{Heap before GC invocations=9 (full 0):
 garbage-first heap   total 81920K, used 26757K [0x0000000080000000, 0x0000000100000000)
  region size 1024K, 4 young (4096K), 1 survivors (1024K)
 Metaspace       used 21631K, committed 21888K, reserved 1073152K
  class space    used 3195K, committed 3328K, reserved 1048576K
}
Event: 160.338 GC heap after
{Heap after GC invocations=10 (full 0):
 garbage-first heap   total 81920K, used 23366K [0x0000000080000000, 0x0000000100000000)
  region size 1024K, 1 young (1024K), 1 survivors (1024K)
 Metaspace       used 21631K, committed 21888K, reserved 1073152K
  class space    used 3195K, committed 3328K, reserved 1048576K
}
Event: 191.274 GC heap before
{Heap before GC invocations=10 (full 0):
 garbage-first heap   total 81920K, used 62278K [0x0000000080000000, 0x0000000100000000)
  region size 1024K, 40 young (40960K), 1 survivors (1024K)
 Metaspace       used 28757K, committed 29184K, reserved 1081344K
  class space    used 4097K, committed 4288K, reserved 1048576K
}
Event: 191.282 GC heap after
{Heap after GC invocations=11 (full 0):
 garbage-first heap   total 81920K, used 26556K [0x0000000080000000, 0x0000000100000000)
  region size 1024K, 4 young (4096K), 4 survivors (4096K)
 Metaspace       used 28757K, committed 29184K, reserved 1081344K
  class space    used 4097K, committed 4288K, reserved 1048576K
}
Event: 220.954 GC heap before
{Heap before GC invocations=11 (full 0):
 garbage-first heap   total 81920K, used 62396K [0x0000000080000000, 0x0000000100000000)
  region size 1024K, 40 young (40960K), 4 survivors (4096K)
 Metaspace       used 32555K, committed 32960K, reserved 1081344K
  class space    used 4661K, committed 4864K, reserved 1048576K
}
Event: 220.968 GC heap after
{Heap after GC invocations=12 (full 0):
 garbage-first heap   total 81920K, used 29504K [0x0000000080000000, 0x0000000100000000)
  region size 1024K, 3 young (3072K), 3 survivors (3072K)
 Metaspace       used 32555K, committed 32960K, reserved 1081344K
  class space    used 4661K, committed 4864K, reserved 1048576K
}

